CRITICAL - 2022-02-08 18:17:34 --> Undefined index: id_pesanan
#0 E:\xampp\htdocs\app_cafe_casey\app\Views\detailpesananlist.php(22): CodeIgniter\Debug\Exceptions->errorHandler(8, 'Undefined index...', 'E:\\xampp\\htdocs...', 22, Array)
#1 E:\xampp\htdocs\app_cafe_casey\system\View\View.php(210): include('E:\\xampp\\htdocs...')
#2 E:\xampp\htdocs\app_cafe_casey\system\View\View.php(213): CodeIgniter\View\View->CodeIgniter\View\{closure}()
#3 E:\xampp\htdocs\app_cafe_casey\system\Common.php(1089): CodeIgniter\View\View->render('detailpesananli...', Array, true)
#4 E:\xampp\htdocs\app_cafe_casey\app\Controllers\detailpesanancontroller.php(14): view('detailpesananli...', Array)
#5 E:\xampp\htdocs\app_cafe_casey\system\CodeIgniter.php(825): App\Controllers\detailpesanancontroller->tampil()
#6 E:\xampp\htdocs\app_cafe_casey\system\CodeIgniter.php(412): CodeIgniter\CodeIgniter->runController(Object(App\Controllers\detailpesanancontroller))
#7 E:\xampp\htdocs\app_cafe_casey\system\CodeIgniter.php(320): CodeIgniter\CodeIgniter->handleRequest(NULL, Object(Config\Cache), false)
#8 E:\xampp\htdocs\app_cafe_casey\public\index.php(37): CodeIgniter\CodeIgniter->run()
#9 E:\xampp\htdocs\app_cafe_casey\system\Commands\Server\rewrite.php(43): require_once('E:\\xampp\\htdocs...')
#10 {main}
CRITICAL - 2022-02-08 18:18:53 --> Undefined index: id_pesanan
#0 E:\xampp\htdocs\app_cafe_casey\app\Views\detailpesananlist.php(22): CodeIgniter\Debug\Exceptions->errorHandler(8, 'Undefined index...', 'E:\\xampp\\htdocs...', 22, Array)
#1 E:\xampp\htdocs\app_cafe_casey\system\View\View.php(210): include('E:\\xampp\\htdocs...')
#2 E:\xampp\htdocs\app_cafe_casey\system\View\View.php(213): CodeIgniter\View\View->CodeIgniter\View\{closure}()
#3 E:\xampp\htdocs\app_cafe_casey\system\Common.php(1089): CodeIgniter\View\View->render('detailpesananli...', Array, true)
#4 E:\xampp\htdocs\app_cafe_casey\app\Controllers\detailpesanancontroller.php(14): view('detailpesananli...', Array)
#5 E:\xampp\htdocs\app_cafe_casey\system\CodeIgniter.php(825): App\Controllers\detailpesanancontroller->tampil()
#6 E:\xampp\htdocs\app_cafe_casey\system\CodeIgniter.php(412): CodeIgniter\CodeIgniter->runController(Object(App\Controllers\detailpesanancontroller))
#7 E:\xampp\htdocs\app_cafe_casey\system\CodeIgniter.php(320): CodeIgniter\CodeIgniter->handleRequest(NULL, Object(Config\Cache), false)
#8 E:\xampp\htdocs\app_cafe_casey\public\index.php(37): CodeIgniter\CodeIgniter->run()
#9 E:\xampp\htdocs\app_cafe_casey\system\Commands\Server\rewrite.php(43): require_once('E:\\xampp\\htdocs...')
#10 {main}
CRITICAL - 2022-02-08 18:18:56 --> Undefined index: id_pesanan
#0 E:\xampp\htdocs\app_cafe_casey\app\Views\detailpesananlist.php(22): CodeIgniter\Debug\Exceptions->errorHandler(8, 'Undefined index...', 'E:\\xampp\\htdocs...', 22, Array)
#1 E:\xampp\htdocs\app_cafe_casey\system\View\View.php(210): include('E:\\xampp\\htdocs...')
#2 E:\xampp\htdocs\app_cafe_casey\system\View\View.php(213): CodeIgniter\View\View->CodeIgniter\View\{closure}()
#3 E:\xampp\htdocs\app_cafe_casey\system\Common.php(1089): CodeIgniter\View\View->render('detailpesananli...', Array, true)
#4 E:\xampp\htdocs\app_cafe_casey\app\Controllers\detailpesanancontroller.php(14): view('detailpesananli...', Array)
#5 E:\xampp\htdocs\app_cafe_casey\system\CodeIgniter.php(825): App\Controllers\detailpesanancontroller->tampil()
#6 E:\xampp\htdocs\app_cafe_casey\system\CodeIgniter.php(412): CodeIgniter\CodeIgniter->runController(Object(App\Controllers\detailpesanancontroller))
#7 E:\xampp\htdocs\app_cafe_casey\system\CodeIgniter.php(320): CodeIgniter\CodeIgniter->handleRequest(NULL, Object(Config\Cache), false)
#8 E:\xampp\htdocs\app_cafe_casey\public\index.php(37): CodeIgniter\CodeIgniter->run()
#9 E:\xampp\htdocs\app_cafe_casey\system\Commands\Server\rewrite.php(43): require_once('E:\\xampp\\htdocs...')
#10 {main}
CRITICAL - 2022-02-08 18:18:56 --> Undefined index: id_pesanan
#0 E:\xampp\htdocs\app_cafe_casey\app\Views\detailpesananlist.php(22): CodeIgniter\Debug\Exceptions->errorHandler(8, 'Undefined index...', 'E:\\xampp\\htdocs...', 22, Array)
#1 E:\xampp\htdocs\app_cafe_casey\system\View\View.php(210): include('E:\\xampp\\htdocs...')
#2 E:\xampp\htdocs\app_cafe_casey\system\View\View.php(213): CodeIgniter\View\View->CodeIgniter\View\{closure}()
#3 E:\xampp\htdocs\app_cafe_casey\system\Common.php(1089): CodeIgniter\View\View->render('detailpesananli...', Array, true)
#4 E:\xampp\htdocs\app_cafe_casey\app\Controllers\detailpesanancontroller.php(14): view('detailpesananli...', Array)
#5 E:\xampp\htdocs\app_cafe_casey\system\CodeIgniter.php(825): App\Controllers\detailpesanancontroller->tampil()
#6 E:\xampp\htdocs\app_cafe_casey\system\CodeIgniter.php(412): CodeIgniter\CodeIgniter->runController(Object(App\Controllers\detailpesanancontroller))
#7 E:\xampp\htdocs\app_cafe_casey\system\CodeIgniter.php(320): CodeIgniter\CodeIgniter->handleRequest(NULL, Object(Config\Cache), false)
#8 E:\xampp\htdocs\app_cafe_casey\public\index.php(37): CodeIgniter\CodeIgniter->run()
#9 E:\xampp\htdocs\app_cafe_casey\system\Commands\Server\rewrite.php(43): require_once('E:\\xampp\\htdocs...')
#10 {main}
CRITICAL - 2022-02-08 18:18:57 --> Undefined index: id_pesanan
#0 E:\xampp\htdocs\app_cafe_casey\app\Views\detailpesananlist.php(22): CodeIgniter\Debug\Exceptions->errorHandler(8, 'Undefined index...', 'E:\\xampp\\htdocs...', 22, Array)
#1 E:\xampp\htdocs\app_cafe_casey\system\View\View.php(210): include('E:\\xampp\\htdocs...')
#2 E:\xampp\htdocs\app_cafe_casey\system\View\View.php(213): CodeIgniter\View\View->CodeIgniter\View\{closure}()
#3 E:\xampp\htdocs\app_cafe_casey\system\Common.php(1089): CodeIgniter\View\View->render('detailpesananli...', Array, true)
#4 E:\xampp\htdocs\app_cafe_casey\app\Controllers\detailpesanancontroller.php(14): view('detailpesananli...', Array)
#5 E:\xampp\htdocs\app_cafe_casey\system\CodeIgniter.php(825): App\Controllers\detailpesanancontroller->tampil()
#6 E:\xampp\htdocs\app_cafe_casey\system\CodeIgniter.php(412): CodeIgniter\CodeIgniter->runController(Object(App\Controllers\detailpesanancontroller))
#7 E:\xampp\htdocs\app_cafe_casey\system\CodeIgniter.php(320): CodeIgniter\CodeIgniter->handleRequest(NULL, Object(Config\Cache), false)
#8 E:\xampp\htdocs\app_cafe_casey\public\index.php(37): CodeIgniter\CodeIgniter->run()
#9 E:\xampp\htdocs\app_cafe_casey\system\Commands\Server\rewrite.php(43): require_once('E:\\xampp\\htdocs...')
#10 {main}
CRITICAL - 2022-02-08 18:19:33 --> Undefined index: id_menu
#0 E:\xampp\htdocs\app_cafe_casey\app\Views\detailpesananlist.php(23): CodeIgniter\Debug\Exceptions->errorHandler(8, 'Undefined index...', 'E:\\xampp\\htdocs...', 23, Array)
#1 E:\xampp\htdocs\app_cafe_casey\system\View\View.php(210): include('E:\\xampp\\htdocs...')
#2 E:\xampp\htdocs\app_cafe_casey\system\View\View.php(213): CodeIgniter\View\View->CodeIgniter\View\{closure}()
#3 E:\xampp\htdocs\app_cafe_casey\system\Common.php(1089): CodeIgniter\View\View->render('detailpesananli...', Array, true)
#4 E:\xampp\htdocs\app_cafe_casey\app\Controllers\detailpesanancontroller.php(14): view('detailpesananli...', Array)
#5 E:\xampp\htdocs\app_cafe_casey\system\CodeIgniter.php(825): App\Controllers\detailpesanancontroller->tampil()
#6 E:\xampp\htdocs\app_cafe_casey\system\CodeIgniter.php(412): CodeIgniter\CodeIgniter->runController(Object(App\Controllers\detailpesanancontroller))
#7 E:\xampp\htdocs\app_cafe_casey\system\CodeIgniter.php(320): CodeIgniter\CodeIgniter->handleRequest(NULL, Object(Config\Cache), false)
#8 E:\xampp\htdocs\app_cafe_casey\public\index.php(37): CodeIgniter\CodeIgniter->run()
#9 E:\xampp\htdocs\app_cafe_casey\system\Commands\Server\rewrite.php(43): require_once('E:\\xampp\\htdocs...')
#10 {main}
CRITICAL - 2022-02-08 18:20:14 --> Undefined property: App\Controllers\UserController::$users
#0 E:\xampp\htdocs\app_cafe_casey\app\Controllers\Usercontroller.php(23): CodeIgniter\Debug\Exceptions->errorHandler(8, 'Undefined prope...', 'E:\\xampp\\htdocs...', 23, Array)
#1 E:\xampp\htdocs\app_cafe_casey\system\CodeIgniter.php(825): App\Controllers\UserController->tampil()
#2 E:\xampp\htdocs\app_cafe_casey\system\CodeIgniter.php(412): CodeIgniter\CodeIgniter->runController(Object(App\Controllers\UserController))
#3 E:\xampp\htdocs\app_cafe_casey\system\CodeIgniter.php(320): CodeIgniter\CodeIgniter->handleRequest(NULL, Object(Config\Cache), false)
#4 E:\xampp\htdocs\app_cafe_casey\public\index.php(37): CodeIgniter\CodeIgniter->run()
#5 E:\xampp\htdocs\app_cafe_casey\system\Commands\Server\rewrite.php(43): require_once('E:\\xampp\\htdocs...')
#6 {main}
CRITICAL - 2022-02-08 18:36:30 --> Undefined property: App\Controllers\UserController::$users
#0 E:\xampp\htdocs\app_cafe_casey\app\Controllers\Usercontroller.php(23): CodeIgniter\Debug\Exceptions->errorHandler(8, 'Undefined prope...', 'E:\\xampp\\htdocs...', 23, Array)
#1 E:\xampp\htdocs\app_cafe_casey\system\CodeIgniter.php(825): App\Controllers\UserController->tampil()
#2 E:\xampp\htdocs\app_cafe_casey\system\CodeIgniter.php(412): CodeIgniter\CodeIgniter->runController(Object(App\Controllers\UserController))
#3 E:\xampp\htdocs\app_cafe_casey\system\CodeIgniter.php(320): CodeIgniter\CodeIgniter->handleRequest(NULL, Object(Config\Cache), false)
#4 E:\xampp\htdocs\app_cafe_casey\public\index.php(37): CodeIgniter\CodeIgniter->run()
#5 E:\xampp\htdocs\app_cafe_casey\system\Commands\Server\rewrite.php(43): require_once('E:\\xampp\\htdocs...')
#6 {main}
CRITICAL - 2022-02-08 18:38:53 --> Undefined property: App\Controllers\UserController::$users
#0 E:\xampp\htdocs\app_cafe_casey\app\Controllers\Usercontroller.php(23): CodeIgniter\Debug\Exceptions->errorHandler(8, 'Undefined prope...', 'E:\\xampp\\htdocs...', 23, Array)
#1 E:\xampp\htdocs\app_cafe_casey\system\CodeIgniter.php(825): App\Controllers\UserController->tampil()
#2 E:\xampp\htdocs\app_cafe_casey\system\CodeIgniter.php(412): CodeIgniter\CodeIgniter->runController(Object(App\Controllers\UserController))
#3 E:\xampp\htdocs\app_cafe_casey\system\CodeIgniter.php(320): CodeIgniter\CodeIgniter->handleRequest(NULL, Object(Config\Cache), false)
#4 E:\xampp\htdocs\app_cafe_casey\public\index.php(37): CodeIgniter\CodeIgniter->run()
#5 E:\xampp\htdocs\app_cafe_casey\system\Commands\Server\rewrite.php(43): require_once('E:\\xampp\\htdocs...')
#6 {main}
CRITICAL - 2022-02-08 18:38:54 --> Undefined property: App\Controllers\UserController::$users
#0 E:\xampp\htdocs\app_cafe_casey\app\Controllers\Usercontroller.php(23): CodeIgniter\Debug\Exceptions->errorHandler(8, 'Undefined prope...', 'E:\\xampp\\htdocs...', 23, Array)
#1 E:\xampp\htdocs\app_cafe_casey\system\CodeIgniter.php(825): App\Controllers\UserController->tampil()
#2 E:\xampp\htdocs\app_cafe_casey\system\CodeIgniter.php(412): CodeIgniter\CodeIgniter->runController(Object(App\Controllers\UserController))
#3 E:\xampp\htdocs\app_cafe_casey\system\CodeIgniter.php(320): CodeIgniter\CodeIgniter->handleRequest(NULL, Object(Config\Cache), false)
#4 E:\xampp\htdocs\app_cafe_casey\public\index.php(37): CodeIgniter\CodeIgniter->run()
#5 E:\xampp\htdocs\app_cafe_casey\system\Commands\Server\rewrite.php(43): require_once('E:\\xampp\\htdocs...')
#6 {main}
CRITICAL - 2022-02-08 18:39:09 --> Undefined property: App\Controllers\UserController::$users
#0 E:\xampp\htdocs\app_cafe_casey\app\Controllers\Usercontroller.php(23): CodeIgniter\Debug\Exceptions->errorHandler(8, 'Undefined prope...', 'E:\\xampp\\htdocs...', 23, Array)
#1 E:\xampp\htdocs\app_cafe_casey\system\CodeIgniter.php(825): App\Controllers\UserController->tampil()
#2 E:\xampp\htdocs\app_cafe_casey\system\CodeIgniter.php(412): CodeIgniter\CodeIgniter->runController(Object(App\Controllers\UserController))
#3 E:\xampp\htdocs\app_cafe_casey\system\CodeIgniter.php(320): CodeIgniter\CodeIgniter->handleRequest(NULL, Object(Config\Cache), false)
#4 E:\xampp\htdocs\app_cafe_casey\public\index.php(37): CodeIgniter\CodeIgniter->run()
#5 E:\xampp\htdocs\app_cafe_casey\system\Commands\Server\rewrite.php(43): require_once('E:\\xampp\\htdocs...')
#6 {main}
CRITICAL - 2022-02-08 18:39:09 --> Undefined property: App\Controllers\UserController::$users
#0 E:\xampp\htdocs\app_cafe_casey\app\Controllers\Usercontroller.php(23): CodeIgniter\Debug\Exceptions->errorHandler(8, 'Undefined prope...', 'E:\\xampp\\htdocs...', 23, Array)
#1 E:\xampp\htdocs\app_cafe_casey\system\CodeIgniter.php(825): App\Controllers\UserController->tampil()
#2 E:\xampp\htdocs\app_cafe_casey\system\CodeIgniter.php(412): CodeIgniter\CodeIgniter->runController(Object(App\Controllers\UserController))
#3 E:\xampp\htdocs\app_cafe_casey\system\CodeIgniter.php(320): CodeIgniter\CodeIgniter->handleRequest(NULL, Object(Config\Cache), false)
#4 E:\xampp\htdocs\app_cafe_casey\public\index.php(37): CodeIgniter\CodeIgniter->run()
#5 E:\xampp\htdocs\app_cafe_casey\system\Commands\Server\rewrite.php(43): require_once('E:\\xampp\\htdocs...')
#6 {main}
CRITICAL - 2022-02-08 18:40:29 --> Undefined property: App\Controllers\UserController::$users
#0 E:\xampp\htdocs\app_cafe_casey\app\Controllers\Usercontroller.php(23): CodeIgniter\Debug\Exceptions->errorHandler(8, 'Undefined prope...', 'E:\\xampp\\htdocs...', 23, Array)
#1 E:\xampp\htdocs\app_cafe_casey\system\CodeIgniter.php(825): App\Controllers\UserController->tampil()
#2 E:\xampp\htdocs\app_cafe_casey\system\CodeIgniter.php(412): CodeIgniter\CodeIgniter->runController(Object(App\Controllers\UserController))
#3 E:\xampp\htdocs\app_cafe_casey\system\CodeIgniter.php(320): CodeIgniter\CodeIgniter->handleRequest(NULL, Object(Config\Cache), false)
#4 E:\xampp\htdocs\app_cafe_casey\public\index.php(37): CodeIgniter\CodeIgniter->run()
#5 E:\xampp\htdocs\app_cafe_casey\system\Commands\Server\rewrite.php(43): require_once('E:\\xampp\\htdocs...')
#6 {main}
CRITICAL - 2022-02-08 18:40:30 --> Undefined property: App\Controllers\UserController::$users
#0 E:\xampp\htdocs\app_cafe_casey\app\Controllers\Usercontroller.php(23): CodeIgniter\Debug\Exceptions->errorHandler(8, 'Undefined prope...', 'E:\\xampp\\htdocs...', 23, Array)
#1 E:\xampp\htdocs\app_cafe_casey\system\CodeIgniter.php(825): App\Controllers\UserController->tampil()
#2 E:\xampp\htdocs\app_cafe_casey\system\CodeIgniter.php(412): CodeIgniter\CodeIgniter->runController(Object(App\Controllers\UserController))
#3 E:\xampp\htdocs\app_cafe_casey\system\CodeIgniter.php(320): CodeIgniter\CodeIgniter->handleRequest(NULL, Object(Config\Cache), false)
#4 E:\xampp\htdocs\app_cafe_casey\public\index.php(37): CodeIgniter\CodeIgniter->run()
#5 E:\xampp\htdocs\app_cafe_casey\system\Commands\Server\rewrite.php(43): require_once('E:\\xampp\\htdocs...')
#6 {main}
CRITICAL - 2022-02-08 18:41:23 --> Undefined property: App\Controllers\UserController::$users
#0 E:\xampp\htdocs\app_cafe_casey\app\Controllers\Usercontroller.php(22): CodeIgniter\Debug\Exceptions->errorHandler(8, 'Undefined prope...', 'E:\\xampp\\htdocs...', 22, Array)
#1 E:\xampp\htdocs\app_cafe_casey\system\CodeIgniter.php(825): App\Controllers\UserController->tampil()
#2 E:\xampp\htdocs\app_cafe_casey\system\CodeIgniter.php(412): CodeIgniter\CodeIgniter->runController(Object(App\Controllers\UserController))
#3 E:\xampp\htdocs\app_cafe_casey\system\CodeIgniter.php(320): CodeIgniter\CodeIgniter->handleRequest(NULL, Object(Config\Cache), false)
#4 E:\xampp\htdocs\app_cafe_casey\public\index.php(37): CodeIgniter\CodeIgniter->run()
#5 E:\xampp\htdocs\app_cafe_casey\system\Commands\Server\rewrite.php(43): require_once('E:\\xampp\\htdocs...')
#6 {main}
CRITICAL - 2022-02-08 18:41:24 --> Undefined property: App\Controllers\UserController::$users
#0 E:\xampp\htdocs\app_cafe_casey\app\Controllers\Usercontroller.php(22): CodeIgniter\Debug\Exceptions->errorHandler(8, 'Undefined prope...', 'E:\\xampp\\htdocs...', 22, Array)
#1 E:\xampp\htdocs\app_cafe_casey\system\CodeIgniter.php(825): App\Controllers\UserController->tampil()
#2 E:\xampp\htdocs\app_cafe_casey\system\CodeIgniter.php(412): CodeIgniter\CodeIgniter->runController(Object(App\Controllers\UserController))
#3 E:\xampp\htdocs\app_cafe_casey\system\CodeIgniter.php(320): CodeIgniter\CodeIgniter->handleRequest(NULL, Object(Config\Cache), false)
#4 E:\xampp\htdocs\app_cafe_casey\public\index.php(37): CodeIgniter\CodeIgniter->run()
#5 E:\xampp\htdocs\app_cafe_casey\system\Commands\Server\rewrite.php(43): require_once('E:\\xampp\\htdocs...')
#6 {main}
CRITICAL - 2022-02-08 18:41:53 --> Undefined property: App\Controllers\UserController::$user
#0 E:\xampp\htdocs\app_cafe_casey\app\Controllers\Usercontroller.php(22): CodeIgniter\Debug\Exceptions->errorHandler(8, 'Undefined prope...', 'E:\\xampp\\htdocs...', 22, Array)
#1 E:\xampp\htdocs\app_cafe_casey\system\CodeIgniter.php(825): App\Controllers\UserController->tampil()
#2 E:\xampp\htdocs\app_cafe_casey\system\CodeIgniter.php(412): CodeIgniter\CodeIgniter->runController(Object(App\Controllers\UserController))
#3 E:\xampp\htdocs\app_cafe_casey\system\CodeIgniter.php(320): CodeIgniter\CodeIgniter->handleRequest(NULL, Object(Config\Cache), false)
#4 E:\xampp\htdocs\app_cafe_casey\public\index.php(37): CodeIgniter\CodeIgniter->run()
#5 E:\xampp\htdocs\app_cafe_casey\system\Commands\Server\rewrite.php(43): require_once('E:\\xampp\\htdocs...')
#6 {main}
CRITICAL - 2022-02-08 18:41:59 --> Undefined property: App\Controllers\UserController::$user
#0 E:\xampp\htdocs\app_cafe_casey\app\Controllers\Usercontroller.php(22): CodeIgniter\Debug\Exceptions->errorHandler(8, 'Undefined prope...', 'E:\\xampp\\htdocs...', 22, Array)
#1 E:\xampp\htdocs\app_cafe_casey\system\CodeIgniter.php(825): App\Controllers\UserController->tampil()
#2 E:\xampp\htdocs\app_cafe_casey\system\CodeIgniter.php(412): CodeIgniter\CodeIgniter->runController(Object(App\Controllers\UserController))
#3 E:\xampp\htdocs\app_cafe_casey\system\CodeIgniter.php(320): CodeIgniter\CodeIgniter->handleRequest(NULL, Object(Config\Cache), false)
#4 E:\xampp\htdocs\app_cafe_casey\public\index.php(37): CodeIgniter\CodeIgniter->run()
#5 E:\xampp\htdocs\app_cafe_casey\system\Commands\Server\rewrite.php(43): require_once('E:\\xampp\\htdocs...')
#6 {main}
