CRITICAL - 2022-02-07 18:16:26 --> syntax error, unexpected end of file, expecting function (T_FUNCTION) or const (T_CONST)
#0 E:\xampp\htdocs\app_cafe_casey\system\Autoloader\Autoloader.php(241): CodeIgniter\Autoloader\Autoloader->includeFile('E:\\xampp\\htdocs...')
#1 E:\xampp\htdocs\app_cafe_casey\system\Autoloader\Autoloader.php(219): CodeIgniter\Autoloader\Autoloader->loadInNamespace('App\\Controllers...')
#2 [internal function]: CodeIgniter\Autoloader\Autoloader->loadClass('App\\Controllers...')
#3 [internal function]: spl_autoload_call('App\\Controllers...')
#4 E:\xampp\htdocs\app_cafe_casey\system\CodeIgniter.php(790): class_exists('\\App\\Controller...', true)
#5 E:\xampp\htdocs\app_cafe_casey\system\CodeIgniter.php(399): CodeIgniter\CodeIgniter->startController()
#6 E:\xampp\htdocs\app_cafe_casey\system\CodeIgniter.php(320): CodeIgniter\CodeIgniter->handleRequest(NULL, Object(Config\Cache), false)
#7 E:\xampp\htdocs\app_cafe_casey\public\index.php(37): CodeIgniter\CodeIgniter->run()
#8 E:\xampp\htdocs\app_cafe_casey\system\Commands\Server\rewrite.php(43): require_once('E:\\xampp\\htdocs...')
#9 {main}
ERROR - 2022-02-07 20:15:47 --> Error connecting to the database: Unknown database 'db_cafe_casey'
CRITICAL - 2022-02-07 20:15:47 --> Unable to connect to the database.
Main connection [MySQLi]: Unknown database 'db_cafe_casey'
#0 E:\xampp\htdocs\app_cafe_casey\system\Database\BaseConnection.php(577): CodeIgniter\Database\BaseConnection->initialize()
#1 E:\xampp\htdocs\app_cafe_casey\system\Database\BaseBuilder.php(1455): CodeIgniter\Database\BaseConnection->query('SELECT *\nFROM `...', Array, false)
#2 E:\xampp\htdocs\app_cafe_casey\system\Model.php(183): CodeIgniter\Database\BaseBuilder->get()
#3 E:\xampp\htdocs\app_cafe_casey\system\BaseModel.php(584): CodeIgniter\Model->doFindAll(0, 0)
#4 E:\xampp\htdocs\app_cafe_casey\app\Controllers\Menucontroller.php(13): CodeIgniter\BaseModel->findAll()
#5 E:\xampp\htdocs\app_cafe_casey\system\CodeIgniter.php(825): App\Controllers\MenuController->tampil()
#6 E:\xampp\htdocs\app_cafe_casey\system\CodeIgniter.php(412): CodeIgniter\CodeIgniter->runController(Object(App\Controllers\MenuController))
#7 E:\xampp\htdocs\app_cafe_casey\system\CodeIgniter.php(320): CodeIgniter\CodeIgniter->handleRequest(NULL, Object(Config\Cache), false)
#8 E:\xampp\htdocs\app_cafe_casey\public\index.php(37): CodeIgniter\CodeIgniter->run()
#9 E:\xampp\htdocs\app_cafe_casey\system\Commands\Server\rewrite.php(43): require_once('E:\\xampp\\htdocs...')
#10 {main}
ERROR - 2022-02-07 20:15:53 --> Error connecting to the database: Unknown database 'db_cafe_casey'
CRITICAL - 2022-02-07 20:15:53 --> Unable to connect to the database.
Main connection [MySQLi]: Unknown database 'db_cafe_casey'
#0 E:\xampp\htdocs\app_cafe_casey\system\Database\BaseConnection.php(577): CodeIgniter\Database\BaseConnection->initialize()
#1 E:\xampp\htdocs\app_cafe_casey\system\Database\BaseBuilder.php(1455): CodeIgniter\Database\BaseConnection->query('SELECT *\nFROM `...', Array, false)
#2 E:\xampp\htdocs\app_cafe_casey\system\Model.php(183): CodeIgniter\Database\BaseBuilder->get()
#3 E:\xampp\htdocs\app_cafe_casey\system\BaseModel.php(584): CodeIgniter\Model->doFindAll(0, 0)
#4 E:\xampp\htdocs\app_cafe_casey\app\Controllers\Menucontroller.php(13): CodeIgniter\BaseModel->findAll()
#5 E:\xampp\htdocs\app_cafe_casey\system\CodeIgniter.php(825): App\Controllers\MenuController->tampil()
#6 E:\xampp\htdocs\app_cafe_casey\system\CodeIgniter.php(412): CodeIgniter\CodeIgniter->runController(Object(App\Controllers\MenuController))
#7 E:\xampp\htdocs\app_cafe_casey\system\CodeIgniter.php(320): CodeIgniter\CodeIgniter->handleRequest(NULL, Object(Config\Cache), false)
#8 E:\xampp\htdocs\app_cafe_casey\public\index.php(37): CodeIgniter\CodeIgniter->run()
#9 E:\xampp\htdocs\app_cafe_casey\system\Commands\Server\rewrite.php(43): require_once('E:\\xampp\\htdocs...')
#10 {main}
ERROR - 2022-02-07 20:15:56 --> Error connecting to the database: Unknown database 'db_cafe_casey'
CRITICAL - 2022-02-07 20:15:56 --> Unable to connect to the database.
Main connection [MySQLi]: Unknown database 'db_cafe_casey'
#0 E:\xampp\htdocs\app_cafe_casey\system\Database\BaseConnection.php(577): CodeIgniter\Database\BaseConnection->initialize()
#1 E:\xampp\htdocs\app_cafe_casey\system\Database\BaseBuilder.php(1455): CodeIgniter\Database\BaseConnection->query('SELECT *\nFROM `...', Array, false)
#2 E:\xampp\htdocs\app_cafe_casey\system\Model.php(183): CodeIgniter\Database\BaseBuilder->get()
#3 E:\xampp\htdocs\app_cafe_casey\system\BaseModel.php(584): CodeIgniter\Model->doFindAll(0, 0)
#4 E:\xampp\htdocs\app_cafe_casey\app\Controllers\Pesanancontroller.php(13): CodeIgniter\BaseModel->findAll()
#5 E:\xampp\htdocs\app_cafe_casey\system\CodeIgniter.php(825): App\Controllers\PesananController->tampil()
#6 E:\xampp\htdocs\app_cafe_casey\system\CodeIgniter.php(412): CodeIgniter\CodeIgniter->runController(Object(App\Controllers\PesananController))
#7 E:\xampp\htdocs\app_cafe_casey\system\CodeIgniter.php(320): CodeIgniter\CodeIgniter->handleRequest(NULL, Object(Config\Cache), false)
#8 E:\xampp\htdocs\app_cafe_casey\public\index.php(37): CodeIgniter\CodeIgniter->run()
#9 E:\xampp\htdocs\app_cafe_casey\system\Commands\Server\rewrite.php(43): require_once('E:\\xampp\\htdocs...')
#10 {main}
ERROR - 2022-02-07 20:15:59 --> Error connecting to the database: Unknown database 'db_cafe_casey'
CRITICAL - 2022-02-07 20:15:59 --> Unable to connect to the database.
Main connection [MySQLi]: Unknown database 'db_cafe_casey'
#0 E:\xampp\htdocs\app_cafe_casey\system\Database\BaseConnection.php(577): CodeIgniter\Database\BaseConnection->initialize()
#1 E:\xampp\htdocs\app_cafe_casey\system\Database\BaseBuilder.php(1455): CodeIgniter\Database\BaseConnection->query('SELECT *\nFROM `...', Array, false)
#2 E:\xampp\htdocs\app_cafe_casey\system\Model.php(183): CodeIgniter\Database\BaseBuilder->get()
#3 E:\xampp\htdocs\app_cafe_casey\system\BaseModel.php(584): CodeIgniter\Model->doFindAll(0, 0)
#4 E:\xampp\htdocs\app_cafe_casey\app\Controllers\detailpesanancontroller.php(13): CodeIgniter\BaseModel->findAll()
#5 E:\xampp\htdocs\app_cafe_casey\system\CodeIgniter.php(825): App\Controllers\detailpesanancontroller->tampil()
#6 E:\xampp\htdocs\app_cafe_casey\system\CodeIgniter.php(412): CodeIgniter\CodeIgniter->runController(Object(App\Controllers\detailpesanancontroller))
#7 E:\xampp\htdocs\app_cafe_casey\system\CodeIgniter.php(320): CodeIgniter\CodeIgniter->handleRequest(NULL, Object(Config\Cache), false)
#8 E:\xampp\htdocs\app_cafe_casey\public\index.php(37): CodeIgniter\CodeIgniter->run()
#9 E:\xampp\htdocs\app_cafe_casey\system\Commands\Server\rewrite.php(43): require_once('E:\\xampp\\htdocs...')
#10 {main}
ERROR - 2022-02-07 20:16:22 --> Error connecting to the database: Unknown database 'db_cafe_casey'
CRITICAL - 2022-02-07 20:16:22 --> Unable to connect to the database.
Main connection [MySQLi]: Unknown database 'db_cafe_casey'
#0 E:\xampp\htdocs\app_cafe_casey\system\Database\BaseConnection.php(577): CodeIgniter\Database\BaseConnection->initialize()
#1 E:\xampp\htdocs\app_cafe_casey\system\Database\BaseBuilder.php(1455): CodeIgniter\Database\BaseConnection->query('SELECT *\nFROM `...', Array, false)
#2 E:\xampp\htdocs\app_cafe_casey\system\Model.php(183): CodeIgniter\Database\BaseBuilder->get()
#3 E:\xampp\htdocs\app_cafe_casey\system\BaseModel.php(584): CodeIgniter\Model->doFindAll(0, 0)
#4 E:\xampp\htdocs\app_cafe_casey\app\Controllers\Menucontroller.php(13): CodeIgniter\BaseModel->findAll()
#5 E:\xampp\htdocs\app_cafe_casey\system\CodeIgniter.php(825): App\Controllers\MenuController->tampil()
#6 E:\xampp\htdocs\app_cafe_casey\system\CodeIgniter.php(412): CodeIgniter\CodeIgniter->runController(Object(App\Controllers\MenuController))
#7 E:\xampp\htdocs\app_cafe_casey\system\CodeIgniter.php(320): CodeIgniter\CodeIgniter->handleRequest(NULL, Object(Config\Cache), false)
#8 E:\xampp\htdocs\app_cafe_casey\public\index.php(37): CodeIgniter\CodeIgniter->run()
#9 E:\xampp\htdocs\app_cafe_casey\system\Commands\Server\rewrite.php(43): require_once('E:\\xampp\\htdocs...')
#10 {main}
ERROR - 2022-02-07 20:16:26 --> Error connecting to the database: Unknown database 'db_cafe_casey'
CRITICAL - 2022-02-07 20:16:26 --> Unable to connect to the database.
Main connection [MySQLi]: Unknown database 'db_cafe_casey'
#0 E:\xampp\htdocs\app_cafe_casey\system\Database\BaseConnection.php(577): CodeIgniter\Database\BaseConnection->initialize()
#1 E:\xampp\htdocs\app_cafe_casey\system\Database\BaseBuilder.php(1455): CodeIgniter\Database\BaseConnection->query('SELECT *\nFROM `...', Array, false)
#2 E:\xampp\htdocs\app_cafe_casey\system\Model.php(183): CodeIgniter\Database\BaseBuilder->get()
#3 E:\xampp\htdocs\app_cafe_casey\system\BaseModel.php(584): CodeIgniter\Model->doFindAll(0, 0)
#4 E:\xampp\htdocs\app_cafe_casey\app\Controllers\Pesanancontroller.php(13): CodeIgniter\BaseModel->findAll()
#5 E:\xampp\htdocs\app_cafe_casey\system\CodeIgniter.php(825): App\Controllers\PesananController->tampil()
#6 E:\xampp\htdocs\app_cafe_casey\system\CodeIgniter.php(412): CodeIgniter\CodeIgniter->runController(Object(App\Controllers\PesananController))
#7 E:\xampp\htdocs\app_cafe_casey\system\CodeIgniter.php(320): CodeIgniter\CodeIgniter->handleRequest(NULL, Object(Config\Cache), false)
#8 E:\xampp\htdocs\app_cafe_casey\public\index.php(37): CodeIgniter\CodeIgniter->run()
#9 E:\xampp\htdocs\app_cafe_casey\system\Commands\Server\rewrite.php(43): require_once('E:\\xampp\\htdocs...')
#10 {main}
ERROR - 2022-02-07 20:16:29 --> Error connecting to the database: Unknown database 'db_cafe_casey'
CRITICAL - 2022-02-07 20:16:29 --> Unable to connect to the database.
Main connection [MySQLi]: Unknown database 'db_cafe_casey'
#0 E:\xampp\htdocs\app_cafe_casey\system\Database\BaseConnection.php(577): CodeIgniter\Database\BaseConnection->initialize()
#1 E:\xampp\htdocs\app_cafe_casey\system\Database\BaseBuilder.php(1455): CodeIgniter\Database\BaseConnection->query('SELECT *\nFROM `...', Array, false)
#2 E:\xampp\htdocs\app_cafe_casey\system\Model.php(183): CodeIgniter\Database\BaseBuilder->get()
#3 E:\xampp\htdocs\app_cafe_casey\system\BaseModel.php(584): CodeIgniter\Model->doFindAll(0, 0)
#4 E:\xampp\htdocs\app_cafe_casey\app\Controllers\detailpesanancontroller.php(13): CodeIgniter\BaseModel->findAll()
#5 E:\xampp\htdocs\app_cafe_casey\system\CodeIgniter.php(825): App\Controllers\detailpesanancontroller->tampil()
#6 E:\xampp\htdocs\app_cafe_casey\system\CodeIgniter.php(412): CodeIgniter\CodeIgniter->runController(Object(App\Controllers\detailpesanancontroller))
#7 E:\xampp\htdocs\app_cafe_casey\system\CodeIgniter.php(320): CodeIgniter\CodeIgniter->handleRequest(NULL, Object(Config\Cache), false)
#8 E:\xampp\htdocs\app_cafe_casey\public\index.php(37): CodeIgniter\CodeIgniter->run()
#9 E:\xampp\htdocs\app_cafe_casey\system\Commands\Server\rewrite.php(43): require_once('E:\\xampp\\htdocs...')
#10 {main}
ERROR - 2022-02-07 20:16:35 --> Error connecting to the database: Unknown database 'db_cafe_casey'
CRITICAL - 2022-02-07 20:16:35 --> Unable to connect to the database.
Main connection [MySQLi]: Unknown database 'db_cafe_casey'
#0 E:\xampp\htdocs\app_cafe_casey\system\Database\BaseConnection.php(577): CodeIgniter\Database\BaseConnection->initialize()
#1 E:\xampp\htdocs\app_cafe_casey\system\Database\BaseBuilder.php(1455): CodeIgniter\Database\BaseConnection->query('SELECT *\nFROM `...', Array, false)
#2 E:\xampp\htdocs\app_cafe_casey\system\Model.php(183): CodeIgniter\Database\BaseBuilder->get()
#3 E:\xampp\htdocs\app_cafe_casey\system\BaseModel.php(584): CodeIgniter\Model->doFindAll(0, 0)
#4 E:\xampp\htdocs\app_cafe_casey\app\Controllers\Menucontroller.php(13): CodeIgniter\BaseModel->findAll()
#5 E:\xampp\htdocs\app_cafe_casey\system\CodeIgniter.php(825): App\Controllers\MenuController->tampil()
#6 E:\xampp\htdocs\app_cafe_casey\system\CodeIgniter.php(412): CodeIgniter\CodeIgniter->runController(Object(App\Controllers\MenuController))
#7 E:\xampp\htdocs\app_cafe_casey\system\CodeIgniter.php(320): CodeIgniter\CodeIgniter->handleRequest(NULL, Object(Config\Cache), false)
#8 E:\xampp\htdocs\app_cafe_casey\public\index.php(37): CodeIgniter\CodeIgniter->run()
#9 E:\xampp\htdocs\app_cafe_casey\system\Commands\Server\rewrite.php(43): require_once('E:\\xampp\\htdocs...')
#10 {main}
ERROR - 2022-02-07 20:16:40 --> Error connecting to the database: Unknown database 'db_cafe_casey'
CRITICAL - 2022-02-07 20:16:40 --> Unable to connect to the database.
Main connection [MySQLi]: Unknown database 'db_cafe_casey'
#0 E:\xampp\htdocs\app_cafe_casey\system\Database\BaseConnection.php(577): CodeIgniter\Database\BaseConnection->initialize()
#1 E:\xampp\htdocs\app_cafe_casey\system\Database\BaseBuilder.php(1455): CodeIgniter\Database\BaseConnection->query('SELECT *\nFROM `...', Array, false)
#2 E:\xampp\htdocs\app_cafe_casey\system\Model.php(183): CodeIgniter\Database\BaseBuilder->get()
#3 E:\xampp\htdocs\app_cafe_casey\system\BaseModel.php(584): CodeIgniter\Model->doFindAll(0, 0)
#4 E:\xampp\htdocs\app_cafe_casey\app\Controllers\Pesanancontroller.php(13): CodeIgniter\BaseModel->findAll()
#5 E:\xampp\htdocs\app_cafe_casey\system\CodeIgniter.php(825): App\Controllers\PesananController->tampil()
#6 E:\xampp\htdocs\app_cafe_casey\system\CodeIgniter.php(412): CodeIgniter\CodeIgniter->runController(Object(App\Controllers\PesananController))
#7 E:\xampp\htdocs\app_cafe_casey\system\CodeIgniter.php(320): CodeIgniter\CodeIgniter->handleRequest(NULL, Object(Config\Cache), false)
#8 E:\xampp\htdocs\app_cafe_casey\public\index.php(37): CodeIgniter\CodeIgniter->run()
#9 E:\xampp\htdocs\app_cafe_casey\system\Commands\Server\rewrite.php(43): require_once('E:\\xampp\\htdocs...')
#10 {main}
ERROR - 2022-02-07 20:16:44 --> Error connecting to the database: Unknown database 'db_cafe_casey'
CRITICAL - 2022-02-07 20:16:44 --> Unable to connect to the database.
Main connection [MySQLi]: Unknown database 'db_cafe_casey'
#0 E:\xampp\htdocs\app_cafe_casey\system\Database\BaseConnection.php(577): CodeIgniter\Database\BaseConnection->initialize()
#1 E:\xampp\htdocs\app_cafe_casey\system\Database\BaseBuilder.php(1455): CodeIgniter\Database\BaseConnection->query('SELECT *\nFROM `...', Array, false)
#2 E:\xampp\htdocs\app_cafe_casey\system\Model.php(183): CodeIgniter\Database\BaseBuilder->get()
#3 E:\xampp\htdocs\app_cafe_casey\system\BaseModel.php(584): CodeIgniter\Model->doFindAll(0, 0)
#4 E:\xampp\htdocs\app_cafe_casey\app\Controllers\detailpesanancontroller.php(13): CodeIgniter\BaseModel->findAll()
#5 E:\xampp\htdocs\app_cafe_casey\system\CodeIgniter.php(825): App\Controllers\detailpesanancontroller->tampil()
#6 E:\xampp\htdocs\app_cafe_casey\system\CodeIgniter.php(412): CodeIgniter\CodeIgniter->runController(Object(App\Controllers\detailpesanancontroller))
#7 E:\xampp\htdocs\app_cafe_casey\system\CodeIgniter.php(320): CodeIgniter\CodeIgniter->handleRequest(NULL, Object(Config\Cache), false)
#8 E:\xampp\htdocs\app_cafe_casey\public\index.php(37): CodeIgniter\CodeIgniter->run()
#9 E:\xampp\htdocs\app_cafe_casey\system\Commands\Server\rewrite.php(43): require_once('E:\\xampp\\htdocs...')
#10 {main}
ERROR - 2022-02-07 21:03:13 --> Error connecting to the database: Unknown database 'db_cafe_casey'
CRITICAL - 2022-02-07 21:03:13 --> Unable to connect to the database.
Main connection [MySQLi]: Unknown database 'db_cafe_casey'
#0 E:\xampp\htdocs\app_cafe_casey\system\Database\BaseConnection.php(577): CodeIgniter\Database\BaseConnection->initialize()
#1 E:\xampp\htdocs\app_cafe_casey\system\Database\BaseBuilder.php(1455): CodeIgniter\Database\BaseConnection->query('SELECT *\nFROM `...', Array, false)
#2 E:\xampp\htdocs\app_cafe_casey\system\Model.php(183): CodeIgniter\Database\BaseBuilder->get()
#3 E:\xampp\htdocs\app_cafe_casey\system\BaseModel.php(584): CodeIgniter\Model->doFindAll(0, 0)
#4 E:\xampp\htdocs\app_cafe_casey\app\Controllers\Menucontroller.php(13): CodeIgniter\BaseModel->findAll()
#5 E:\xampp\htdocs\app_cafe_casey\system\CodeIgniter.php(825): App\Controllers\MenuController->tampil()
#6 E:\xampp\htdocs\app_cafe_casey\system\CodeIgniter.php(412): CodeIgniter\CodeIgniter->runController(Object(App\Controllers\MenuController))
#7 E:\xampp\htdocs\app_cafe_casey\system\CodeIgniter.php(320): CodeIgniter\CodeIgniter->handleRequest(NULL, Object(Config\Cache), false)
#8 E:\xampp\htdocs\app_cafe_casey\public\index.php(37): CodeIgniter\CodeIgniter->run()
#9 E:\xampp\htdocs\app_cafe_casey\system\Commands\Server\rewrite.php(43): require_once('E:\\xampp\\htdocs...')
#10 {main}
ERROR - 2022-02-07 21:38:16 --> Error connecting to the database: Unknown database 'db_cafe_casey'
CRITICAL - 2022-02-07 21:38:16 --> Unable to connect to the database.
Main connection [MySQLi]: Unknown database 'db_cafe_casey'
#0 E:\xampp\htdocs\app_cafe_casey\system\Database\BaseConnection.php(577): CodeIgniter\Database\BaseConnection->initialize()
#1 E:\xampp\htdocs\app_cafe_casey\system\Database\BaseBuilder.php(1455): CodeIgniter\Database\BaseConnection->query('SELECT *\nFROM `...', Array, false)
#2 E:\xampp\htdocs\app_cafe_casey\system\Model.php(183): CodeIgniter\Database\BaseBuilder->get()
#3 E:\xampp\htdocs\app_cafe_casey\system\BaseModel.php(584): CodeIgniter\Model->doFindAll(0, 0)
#4 E:\xampp\htdocs\app_cafe_casey\app\Controllers\Menucontroller.php(13): CodeIgniter\BaseModel->findAll()
#5 E:\xampp\htdocs\app_cafe_casey\system\CodeIgniter.php(825): App\Controllers\MenuController->tampil()
#6 E:\xampp\htdocs\app_cafe_casey\system\CodeIgniter.php(412): CodeIgniter\CodeIgniter->runController(Object(App\Controllers\MenuController))
#7 E:\xampp\htdocs\app_cafe_casey\system\CodeIgniter.php(320): CodeIgniter\CodeIgniter->handleRequest(NULL, Object(Config\Cache), false)
#8 E:\xampp\htdocs\app_cafe_casey\public\index.php(37): CodeIgniter\CodeIgniter->run()
#9 E:\xampp\htdocs\app_cafe_casey\system\Commands\Server\rewrite.php(43): require_once('E:\\xampp\\htdocs...')
#10 {main}
