ERROR - 2022-02-17 20:21:08 --> Error connecting to the database: No connection could be made because the target machine actively refused it.

CRITICAL - 2022-02-17 20:21:08 --> Unable to connect to the database.
Main connection [MySQLi]: No connection could be made because the target machine actively refused it.

#0 E:\xampp\htdocs\app_cafe_casey\system\Database\BaseConnection.php(577): CodeIgniter\Database\BaseConnection->initialize()
#1 E:\xampp\htdocs\app_cafe_casey\system\Database\BaseBuilder.php(1455): CodeIgniter\Database\BaseConnection->query('SELECT *\nFROM `...', Array, false)
#2 E:\xampp\htdocs\app_cafe_casey\system\Model.php(183): CodeIgniter\Database\BaseBuilder->get()
#3 E:\xampp\htdocs\app_cafe_casey\system\BaseModel.php(584): CodeIgniter\Model->doFindAll(0, 0)
#4 E:\xampp\htdocs\app_cafe_casey\app\Controllers\Menucontroller.php(13): CodeIgniter\BaseModel->findAll()
#5 E:\xampp\htdocs\app_cafe_casey\system\CodeIgniter.php(825): App\Controllers\MenuController->tampil()
#6 E:\xampp\htdocs\app_cafe_casey\system\CodeIgniter.php(412): CodeIgniter\CodeIgniter->runController(Object(App\Controllers\MenuController))
#7 E:\xampp\htdocs\app_cafe_casey\system\CodeIgniter.php(320): CodeIgniter\CodeIgniter->handleRequest(NULL, Object(Config\Cache), false)
#8 E:\xampp\htdocs\app_cafe_casey\public\index.php(37): CodeIgniter\CodeIgniter->run()
#9 E:\xampp\htdocs\app_cafe_casey\system\Commands\Server\rewrite.php(43): require_once('E:\\xampp\\htdocs...')
#10 {main}
CRITICAL - 2022-02-17 20:21:51 --> Class 'App\Controllers\UserModel' not found
#0 E:\xampp\htdocs\app_cafe_casey\system\CodeIgniter.php(802): App\Controllers\usercontroller->__construct()
#1 E:\xampp\htdocs\app_cafe_casey\system\CodeIgniter.php(403): CodeIgniter\CodeIgniter->createController()
#2 E:\xampp\htdocs\app_cafe_casey\system\CodeIgniter.php(320): CodeIgniter\CodeIgniter->handleRequest(NULL, Object(Config\Cache), false)
#3 E:\xampp\htdocs\app_cafe_casey\public\index.php(37): CodeIgniter\CodeIgniter->run()
#4 E:\xampp\htdocs\app_cafe_casey\system\Commands\Server\rewrite.php(43): require_once('E:\\xampp\\htdocs...')
#5 {main}
CRITICAL - 2022-02-17 20:22:24 --> Class 'App\Controllers\UserModel' not found
#0 E:\xampp\htdocs\app_cafe_casey\system\CodeIgniter.php(802): App\Controllers\usercontroller->__construct()
#1 E:\xampp\htdocs\app_cafe_casey\system\CodeIgniter.php(403): CodeIgniter\CodeIgniter->createController()
#2 E:\xampp\htdocs\app_cafe_casey\system\CodeIgniter.php(320): CodeIgniter\CodeIgniter->handleRequest(NULL, Object(Config\Cache), false)
#3 E:\xampp\htdocs\app_cafe_casey\public\index.php(37): CodeIgniter\CodeIgniter->run()
#4 E:\xampp\htdocs\app_cafe_casey\system\Commands\Server\rewrite.php(43): require_once('E:\\xampp\\htdocs...')
#5 {main}
CRITICAL - 2022-02-17 20:23:08 --> Class 'App\Controllers\UserModel' not found
#0 E:\xampp\htdocs\app_cafe_casey\system\CodeIgniter.php(802): App\Controllers\usercontroller->__construct()
#1 E:\xampp\htdocs\app_cafe_casey\system\CodeIgniter.php(403): CodeIgniter\CodeIgniter->createController()
#2 E:\xampp\htdocs\app_cafe_casey\system\CodeIgniter.php(320): CodeIgniter\CodeIgniter->handleRequest(NULL, Object(Config\Cache), false)
#3 E:\xampp\htdocs\app_cafe_casey\public\index.php(37): CodeIgniter\CodeIgniter->run()
#4 E:\xampp\htdocs\app_cafe_casey\system\Commands\Server\rewrite.php(43): require_once('E:\\xampp\\htdocs...')
#5 {main}
