CRITICAL - 2022-02-28 19:05:29 --> Class 'App\Controllers\UserModel' not found
#0 E:\xampp\htdocs\app_cafe_casey\system\CodeIgniter.php(802): App\Controllers\usercontroller->__construct()
#1 E:\xampp\htdocs\app_cafe_casey\system\CodeIgniter.php(403): CodeIgniter\CodeIgniter->createController()
#2 E:\xampp\htdocs\app_cafe_casey\system\CodeIgniter.php(320): CodeIgniter\CodeIgniter->handleRequest(NULL, Object(Config\Cache), false)
#3 E:\xampp\htdocs\app_cafe_casey\public\index.php(37): CodeIgniter\CodeIgniter->run()
#4 E:\xampp\htdocs\app_cafe_casey\system\Commands\Server\rewrite.php(43): require_once('E:\\xampp\\htdocs...')
#5 {main}
CRITICAL - 2022-02-28 19:56:07 --> Class 'App\Controllers\UserModel' not found
#0 E:\xampp\htdocs\app_cafe_casey\system\CodeIgniter.php(802): App\Controllers\usercontroller->__construct()
#1 E:\xampp\htdocs\app_cafe_casey\system\CodeIgniter.php(403): CodeIgniter\CodeIgniter->createController()
#2 E:\xampp\htdocs\app_cafe_casey\system\CodeIgniter.php(320): CodeIgniter\CodeIgniter->handleRequest(NULL, Object(Config\Cache), false)
#3 E:\xampp\htdocs\app_cafe_casey\public\index.php(37): CodeIgniter\CodeIgniter->run()
#4 E:\xampp\htdocs\app_cafe_casey\system\Commands\Server\rewrite.php(43): require_once('E:\\xampp\\htdocs...')
#5 {main}
CRITICAL - 2022-02-28 19:56:26 --> Class 'App\Controllers\UserModel' not found
#0 E:\xampp\htdocs\app_cafe_casey\system\CodeIgniter.php(802): App\Controllers\usercontroller->__construct()
#1 E:\xampp\htdocs\app_cafe_casey\system\CodeIgniter.php(403): CodeIgniter\CodeIgniter->createController()
#2 E:\xampp\htdocs\app_cafe_casey\system\CodeIgniter.php(320): CodeIgniter\CodeIgniter->handleRequest(NULL, Object(Config\Cache), false)
#3 E:\xampp\htdocs\app_cafe_casey\public\index.php(37): CodeIgniter\CodeIgniter->run()
#4 E:\xampp\htdocs\app_cafe_casey\system\Commands\Server\rewrite.php(43): require_once('E:\\xampp\\htdocs...')
#5 {main}
CRITICAL - 2022-02-28 19:56:33 --> Class 'App\Controllers\UserModel' not found
#0 E:\xampp\htdocs\app_cafe_casey\system\CodeIgniter.php(802): App\Controllers\usercontroller->__construct()
#1 E:\xampp\htdocs\app_cafe_casey\system\CodeIgniter.php(403): CodeIgniter\CodeIgniter->createController()
#2 E:\xampp\htdocs\app_cafe_casey\system\CodeIgniter.php(320): CodeIgniter\CodeIgniter->handleRequest(NULL, Object(Config\Cache), false)
#3 E:\xampp\htdocs\app_cafe_casey\public\index.php(37): CodeIgniter\CodeIgniter->run()
#4 E:\xampp\htdocs\app_cafe_casey\system\Commands\Server\rewrite.php(43): require_once('E:\\xampp\\htdocs...')
#5 {main}
